This file contains any messages produced by compilers while
running configure, to aid debugging if configure makes a mistake.

It was created by SUNDIALS configure 2.2.0, which was
generated by GNU Autoconf 2.59.  Invocation command line was

  $ ./configure 

## --------- ##
## Platform. ##
## --------- ##

hostname = tux262.llnl.gov
uname -m = i686
uname -r = 2.6.9-67.0.1.ELsmp
uname -s = Linux
uname -v = #1 SMP Fri Nov 30 11:51:05 EST 2007

/usr/bin/uname -p = unknown
/bin/uname -X     = unknown

/bin/arch              = i686
/usr/bin/arch -k       = unknown
/usr/convex/getsysinfo = unknown
hostinfo               = unknown
/bin/machine           = unknown
/usr/bin/oslevel       = unknown
/bin/universe          = unknown

PATH: /usr/kerberos/bin
PATH: /home/smithsg/local/bin
PATH: /usr/casc/dss/local.Linux/bin
PATH: /usr/casc/samrai/local.Linux/eclipse/eclipse-3.3
PATH: /usr/casc/dss/local.java/apache-ant-1.6.5/bin
PATH: /usr/casc/dss/local.Linux/jdk1.6.0_01/bin
PATH: /usr/casc/samrai/local.tux_rh4/swig-1.3.22/bin
PATH: /nfs/apps/python/2.5/bin
PATH: /nfs/apps/hdf5/1.6.5/gcc4.1.2-serial/bin
PATH: /nfs/apps/mpich/1.2.7p1/sbin
PATH: /nfs/apps/mpich/1.2.7p1/bin
PATH: /usr/apps/doxygen/1.5.1/bin
PATH: /usr/apps/graphviz/2.6/bin
PATH: /usr/casc/samrai/local.Linux/binutils/2.17/bin
PATH: /usr/casc/samrai/local.Linux/gdb/gdb-6.8/bin
PATH: /nfs/apps/gcc/4.2.2/bin
PATH: /nfs/apps/intel/fc/9.1.040/bin
PATH: /nfs/apps/intel/cc/9.1.045/bin
PATH: /usr/apps/insure++/7.1.0/bin
PATH: /nfs/apps/insure++/7.1.0/bin.linux2
PATH: /nfs/apps/insure++/7.1.0/lib.linux2
PATH: /usr/apps/emacs/22.1/bin
PATH: /nfs/apps/toolworks/totalview.7.1.0-0/bin
PATH: /nfs/apps/apr/1.2.11/bin
PATH: /nfs/apps/subversion/1.4.3/bin
PATH: /nfs/apps/autoconf/2.61/bin
PATH: /nfs/apps/automake/1.9.6/bin
PATH: /usr/local/bin
PATH: /bin
PATH: /usr/bin
PATH: /home/smithsg/workspace/Simulator/bin
PATH: /usr/casc/samrai/local.tux_rh4/bin
PATH: /usr/X11R6/bin
PATH: /usr/casc/dss/local.Linux/mpiJava-1.2.5xy/src/scripts
PATH: /usr/casc/samrai/local.Linux/visit/bin
PATH: /home/smithsg/local/bin
PATH: /usr/casc/dss/local.Linux/bin
PATH: /usr/casc/samrai/local.Linux/eclipse/eclipse-3.3
PATH: /usr/casc/dss/local.java/apache-ant-1.6.5/bin
PATH: /usr/casc/dss/local.Linux/jdk1.6.0_01/bin
PATH: /usr/casc/samrai/local.tux_rh4/swig-1.3.22/bin
PATH: /nfs/apps/python/2.5/bin
PATH: /nfs/apps/hdf5/1.6.5/gcc4.1.2-serial/bin
PATH: /nfs/apps/mpich/1.2.7p1/sbin
PATH: /nfs/apps/mpich/1.2.7p1/bin
PATH: /usr/apps/doxygen/1.5.1/bin
PATH: /usr/apps/graphviz/2.6/bin
PATH: /usr/casc/samrai/local.Linux/binutils/2.17/bin
PATH: /usr/casc/samrai/local.Linux/gdb/gdb-6.8/bin
PATH: /nfs/apps/gcc/4.2.2/bin
PATH: /nfs/apps/intel/fc/9.1.040/bin
PATH: /nfs/apps/intel/cc/9.1.045/bin
PATH: /usr/apps/insure++/7.1.0/bin
PATH: /nfs/apps/insure++/7.1.0/bin.linux2
PATH: /nfs/apps/insure++/7.1.0/lib.linux2
PATH: /usr/apps/emacs/22.1/bin
PATH: /nfs/apps/toolworks/totalview.7.1.0-0/bin
PATH: /nfs/apps/apr/1.2.11/bin
PATH: /nfs/apps/subversion/1.4.3/bin
PATH: /nfs/apps/autoconf/2.61/bin
PATH: /nfs/apps/automake/1.9.6/bin
PATH: /usr/local/bin
PATH: /bin
PATH: /usr/bin
PATH: /home/smithsg/workspace/Simulator/bin
PATH: /usr/casc/samrai/local.tux_rh4/bin
PATH: /usr/X11R6/bin
PATH: /usr/casc/dss/local.Linux/mpiJava-1.2.5xy/src/scripts
PATH: /usr/casc/samrai/local.Linux/visit/bin
PATH: /home/smithsg/parflow/pfclm_ms/exe.Linux/bin
PATH: /usr/kerberos/bin
PATH: /home/smithsg/local/bin
PATH: /usr/casc/dss/local.Linux/bin
PATH: /usr/casc/samrai/local.Linux/eclipse/eclipse-3.3
PATH: /usr/casc/dss/local.java/apache-ant-1.6.5/bin
PATH: /usr/casc/dss/local.Linux/jdk1.6.0_01/bin
PATH: /usr/casc/samrai/local.tux_rh4/swig-1.3.22/bin
PATH: /nfs/apps/python/2.5/bin
PATH: /nfs/apps/hdf5/1.6.5/gcc4.1.2-serial/bin
PATH: /nfs/apps/mpich/1.2.7p1/sbin
PATH: /nfs/apps/mpich/1.2.7p1/bin
PATH: /usr/apps/doxygen/1.5.1/bin
PATH: /usr/apps/graphviz/2.6/bin
PATH: /usr/casc/samrai/local.Linux/binutils/2.17/bin
PATH: /usr/casc/samrai/local.Linux/gdb/gdb-6.8/bin
PATH: /nfs/apps/gcc/4.2.2/bin
PATH: /nfs/apps/intel/fc/9.1.040/bin
PATH: /nfs/apps/intel/cc/9.1.045/bin
PATH: /usr/apps/insure++/7.1.0/bin
PATH: /nfs/apps/insure++/7.1.0/bin.linux2
PATH: /nfs/apps/insure++/7.1.0/lib.linux2
PATH: /usr/apps/emacs/22.1/bin
PATH: /nfs/apps/toolworks/totalview.7.1.0-0/bin
PATH: /nfs/apps/apr/1.2.11/bin
PATH: /nfs/apps/subversion/1.4.3/bin
PATH: /nfs/apps/autoconf/2.61/bin
PATH: /nfs/apps/automake/1.9.6/bin
PATH: /usr/local/bin
PATH: /bin
PATH: /usr/bin
PATH: /home/smithsg/workspace/Simulator/bin
PATH: /usr/casc/samrai/local.tux_rh4/bin
PATH: /usr/X11R6/bin
PATH: /usr/casc/dss/local.Linux/mpiJava-1.2.5xy/src/scripts
PATH: /usr/casc/samrai/local.Linux/visit/bin
PATH: /home/smithsg/local/bin
PATH: /usr/casc/dss/local.Linux/bin
PATH: /usr/casc/samrai/local.Linux/eclipse/eclipse-3.3
PATH: /usr/casc/dss/local.java/apache-ant-1.6.5/bin
PATH: /usr/casc/dss/local.Linux/jdk1.6.0_01/bin
PATH: /usr/casc/samrai/local.tux_rh4/swig-1.3.22/bin
PATH: /nfs/apps/python/2.5/bin
PATH: /nfs/apps/hdf5/1.6.5/gcc4.1.2-serial/bin
PATH: /nfs/apps/mpich/1.2.7p1/sbin
PATH: /nfs/apps/mpich/1.2.7p1/bin
PATH: /usr/apps/doxygen/1.5.1/bin
PATH: /usr/apps/graphviz/2.6/bin
PATH: /usr/casc/samrai/local.Linux/binutils/2.17/bin
PATH: /usr/casc/samrai/local.Linux/gdb/gdb-6.8/bin
PATH: /nfs/apps/gcc/4.2.2/bin
PATH: /nfs/apps/intel/fc/9.1.040/bin
PATH: /nfs/apps/intel/cc/9.1.045/bin
PATH: /usr/apps/insure++/7.1.0/bin
PATH: /nfs/apps/insure++/7.1.0/bin.linux2
PATH: /nfs/apps/insure++/7.1.0/lib.linux2
PATH: /usr/apps/emacs/22.1/bin
PATH: /nfs/apps/toolworks/totalview.7.1.0-0/bin
PATH: /nfs/apps/apr/1.2.11/bin
PATH: /nfs/apps/subversion/1.4.3/bin
PATH: /nfs/apps/autoconf/2.61/bin
PATH: /nfs/apps/automake/1.9.6/bin
PATH: /usr/local/bin
PATH: /bin
PATH: /usr/bin
PATH: /home/smithsg/workspace/Simulator/bin
PATH: /usr/casc/samrai/local.tux_rh4/bin
PATH: /usr/X11R6/bin
PATH: /usr/casc/dss/local.Linux/mpiJava-1.2.5xy/src/scripts
PATH: /usr/casc/samrai/local.Linux/visit/bin
PATH: /home/smithsg/parflow/pfclm_ms/exe.Linux/bin
PATH: /home/smithsg/parflow/pfclm_ms/exe.Linux/bin


## ----------- ##
## Core tests. ##
## ----------- ##

configure:1817: checking build system type
configure:1835: result: i686-pc-linux-gnu
configure:1845: checking host system type
configure:1859: result: i686-pc-linux-gnu
configure:1876: checking whether make sets $(MAKE)
configure:1896: result: yes
configure:1921: checking for a BSD-compatible install
configure:1976: result: /usr/bin/install -c
configure:2302: checking for C compiler version
configure:2305: cc --version </dev/null >&5
cc (GCC) 3.4.6 20060404 (Red Hat 3.4.6-9)
Copyright (C) 2006 Free Software Foundation, Inc.
This is free software; see the source for copying conditions.  There is NO
warranty; not even for MERCHANTABILITY or FITNESS FOR A PARTICULAR PURPOSE.

configure:2308: $? = 0
configure:2310: cc -v </dev/null >&5
Reading specs from /usr/lib/gcc/i386-redhat-linux/3.4.6/specs
Configured with: ../configure --prefix=/usr --mandir=/usr/share/man --infodir=/usr/share/info --enable-shared --enable-threads=posix --disable-checking --with-system-zlib --enable-__cxa_atexit --disable-libunwind-exceptions --enable-java-awt=gtk --host=i386-redhat-linux
Thread model: posix
gcc version 3.4.6 20060404 (Red Hat 3.4.6-9)
configure:2313: $? = 0
configure:2315: cc -V </dev/null >&5
cc: `-V' option must have argument
configure:2318: $? = 1
configure:2341: checking for C compiler default output file name
configure:2344: cc    conftest.c  >&5
configure:2347: $? = 0
configure:2393: result: a.out
configure:2398: checking whether the C compiler works
configure:2404: ./a.out
configure:2407: $? = 0
configure:2424: result: yes
configure:2431: checking whether we are cross compiling
configure:2433: result: no
configure:2436: checking for suffix of executables
configure:2438: cc -o conftest    conftest.c  >&5
configure:2441: $? = 0
configure:2466: result: 
configure:2472: checking for suffix of object files
configure:2493: cc -c   conftest.c >&5
configure:2496: $? = 0
configure:2518: result: o
configure:2522: checking whether we are using the GNU C compiler
configure:2546: cc -c   conftest.c >&5
configure:2552: $? = 0
configure:2556: test -z 
			 || test ! -s conftest.err
configure:2559: $? = 0
configure:2562: test -s conftest.o
configure:2565: $? = 0
configure:2578: result: yes
configure:2584: checking whether cc accepts -g
configure:2605: cc -c -g  conftest.c >&5
configure:2611: $? = 0
configure:2615: test -z 
			 || test ! -s conftest.err
configure:2618: $? = 0
configure:2621: test -s conftest.o
configure:2624: $? = 0
configure:2635: result: yes
configure:2652: checking for cc option to accept ANSI C
configure:2722: cc  -c -g -O2  conftest.c >&5
configure:2728: $? = 0
configure:2732: test -z 
			 || test ! -s conftest.err
configure:2735: $? = 0
configure:2738: test -s conftest.o
configure:2741: $? = 0
configure:2759: result: none needed
configure:2777: cc -c -g -O2  conftest.c >&5
conftest.c:2: error: syntax error before "me"
configure:2783: $? = 1
configure: failed program was:
| #ifndef __cplusplus
|   choke me
| #endif
configure:2919: checking for egrep
configure:2929: result: grep -E
configure:2948: checking for sys/types.h
configure:2964: cc -c -g -O2  conftest.c >&5
configure:2970: $? = 0
configure:2974: test -z 
			 || test ! -s conftest.err
configure:2977: $? = 0
configure:2980: test -s conftest.o
configure:2983: $? = 0
configure:2994: result: yes
configure:2948: checking for sys/stat.h
configure:2964: cc -c -g -O2  conftest.c >&5
configure:2970: $? = 0
configure:2974: test -z 
			 || test ! -s conftest.err
configure:2977: $? = 0
configure:2980: test -s conftest.o
configure:2983: $? = 0
configure:2994: result: yes
configure:2948: checking for stdlib.h
configure:2964: cc -c -g -O2  conftest.c >&5
configure:2970: $? = 0
configure:2974: test -z 
			 || test ! -s conftest.err
configure:2977: $? = 0
configure:2980: test -s conftest.o
configure:2983: $? = 0
configure:2994: result: yes
configure:2948: checking for string.h
configure:2964: cc -c -g -O2  conftest.c >&5
configure:2970: $? = 0
configure:2974: test -z 
			 || test ! -s conftest.err
configure:2977: $? = 0
configure:2980: test -s conftest.o
configure:2983: $? = 0
configure:2994: result: yes
configure:2948: checking for memory.h
configure:2964: cc -c -g -O2  conftest.c >&5
configure:2970: $? = 0
configure:2974: test -z 
			 || test ! -s conftest.err
configure:2977: $? = 0
configure:2980: test -s conftest.o
configure:2983: $? = 0
configure:2994: result: yes
configure:2948: checking for strings.h
configure:2964: cc -c -g -O2  conftest.c >&5
configure:2970: $? = 0
configure:2974: test -z 
			 || test ! -s conftest.err
configure:2977: $? = 0
configure:2980: test -s conftest.o
configure:2983: $? = 0
configure:2994: result: yes
configure:2948: checking for inttypes.h
configure:2964: cc -c -g -O2  conftest.c >&5
configure:2970: $? = 0
configure:2974: test -z 
			 || test ! -s conftest.err
configure:2977: $? = 0
configure:2980: test -s conftest.o
configure:2983: $? = 0
configure:2994: result: yes
configure:2948: checking for stdint.h
configure:2964: cc -c -g -O2  conftest.c >&5
configure:2970: $? = 0
configure:2974: test -z 
			 || test ! -s conftest.err
configure:2977: $? = 0
configure:2980: test -s conftest.o
configure:2983: $? = 0
configure:2994: result: yes
configure:2948: checking for unistd.h
configure:2964: cc -c -g -O2  conftest.c >&5
configure:2970: $? = 0
configure:2974: test -z 
			 || test ! -s conftest.err
configure:2977: $? = 0
configure:2980: test -s conftest.o
configure:2983: $? = 0
configure:2994: result: yes
configure:3036: checking floating-point data type to use
configure:3079: result: double
configure:3105: checking for cc
configure:3123: found /usr/bin/cc
configure:3136: result: /usr/bin/cc
configure:3152: checking for extra C compiler flags
configure:3165: result: none
configure:3179: checking how to run the C preprocessor
configure:3214: /usr/bin/cc -E  conftest.c
configure:3220: $? = 0
configure:3252: /usr/bin/cc -E  conftest.c
conftest.c:19:28: ac_nonexistent.h: No such file or directory
configure:3258: $? = 1
configure: failed program was:
| /* confdefs.h.  */
| 
| #define PACKAGE_NAME "SUNDIALS"
| #define PACKAGE_TARNAME "sundials"
| #define PACKAGE_VERSION "2.2.0"
| #define PACKAGE_STRING "SUNDIALS 2.2.0"
| #define PACKAGE_BUGREPORT "radu@llnl.gov"
| #define HAVE_SYS_TYPES_H 1
| #define HAVE_SYS_STAT_H 1
| #define HAVE_STDLIB_H 1
| #define HAVE_STRING_H 1
| #define HAVE_MEMORY_H 1
| #define HAVE_STRINGS_H 1
| #define HAVE_INTTYPES_H 1
| #define HAVE_STDINT_H 1
| #define HAVE_UNISTD_H 1
| #define SUNDIALS_DOUBLE_PRECISION 1
| /* end confdefs.h.  */
| #include <ac_nonexistent.h>
configure:3297: result: /usr/bin/cc -E
configure:3321: /usr/bin/cc -E  conftest.c
configure:3327: $? = 0
configure:3359: /usr/bin/cc -E  conftest.c
conftest.c:19:28: ac_nonexistent.h: No such file or directory
configure:3365: $? = 1
configure: failed program was:
| /* confdefs.h.  */
| 
| #define PACKAGE_NAME "SUNDIALS"
| #define PACKAGE_TARNAME "sundials"
| #define PACKAGE_VERSION "2.2.0"
| #define PACKAGE_STRING "SUNDIALS 2.2.0"
| #define PACKAGE_BUGREPORT "radu@llnl.gov"
| #define HAVE_SYS_TYPES_H 1
| #define HAVE_SYS_STAT_H 1
| #define HAVE_STDLIB_H 1
| #define HAVE_STRING_H 1
| #define HAVE_MEMORY_H 1
| #define HAVE_STRINGS_H 1
| #define HAVE_INTTYPES_H 1
| #define HAVE_STDINT_H 1
| #define HAVE_UNISTD_H 1
| #define SUNDIALS_DOUBLE_PRECISION 1
| /* end confdefs.h.  */
| #include <ac_nonexistent.h>
configure:3410: checking for extra C/C++ preprocessor flags
configure:3427: result: none
configure:3471: checking for extra linker flags
configure:3488: result: none
configure:3493: checking for extra libraries
configure:3510: result: none
configure:3518: checking for ANSI C header files
configure:3543: /usr/bin/cc -c -g -O2 -ffloat-store  conftest.c >&5
configure:3549: $? = 0
configure:3553: test -z 
			 || test ! -s conftest.err
configure:3556: $? = 0
configure:3559: test -s conftest.o
configure:3562: $? = 0
configure:3651: /usr/bin/cc -o conftest -g -O2 -ffloat-store   conftest.c  >&5
configure:3654: $? = 0
configure:3656: ./conftest
configure:3659: $? = 0
configure:3674: result: yes
configure:3691: checking for stdlib.h
configure:3696: result: yes
configure:3700: checking float.h usability
configure:3712: /usr/bin/cc -c -g -O2 -ffloat-store  conftest.c >&5
configure:3718: $? = 0
configure:3722: test -z 
			 || test ! -s conftest.err
configure:3725: $? = 0
configure:3728: test -s conftest.o
configure:3731: $? = 0
configure:3741: result: yes
configure:3745: checking float.h presence
configure:3755: /usr/bin/cc -E  conftest.c
configure:3761: $? = 0
configure:3781: result: yes
configure:3816: checking for float.h
configure:3823: result: yes
configure:3700: checking math.h usability
configure:3712: /usr/bin/cc -c -g -O2 -ffloat-store  conftest.c >&5
configure:3718: $? = 0
configure:3722: test -z 
			 || test ! -s conftest.err
configure:3725: $? = 0
configure:3728: test -s conftest.o
configure:3731: $? = 0
configure:3741: result: yes
configure:3745: checking math.h presence
configure:3755: /usr/bin/cc -E  conftest.c
configure:3761: $? = 0
configure:3781: result: yes
configure:3816: checking for math.h
configure:3823: result: yes
configure:3854: checking for abs in -lm
configure:3884: /usr/bin/cc -o conftest -g -O2 -ffloat-store   conftest.c -lm   >&5
conftest.c:30: warning: conflicting types for built-in function 'abs'
configure:3890: $? = 0
configure:3894: test -z 
			 || test ! -s conftest.err
configure:3897: $? = 0
configure:3900: test -s conftest
configure:3903: $? = 0
configure:3916: result: yes
configure:4396: checking for fabs in -lm
configure:4426: /usr/bin/cc -o conftest -g -O2 -ffloat-store   conftest.c -lm   >&5
conftest.c:31: warning: conflicting types for built-in function 'fabs'
configure:4432: $? = 0
configure:4436: test -z 
			 || test ! -s conftest.err
configure:4439: $? = 0
configure:4442: test -s conftest
configure:4445: $? = 0
configure:4458: result: yes
configure:4474: checking for pow in -lm
configure:4504: /usr/bin/cc -o conftest -g -O2 -ffloat-store   conftest.c -lm  -lm  >&5
conftest.c:32: warning: conflicting types for built-in function 'pow'
configure:4510: $? = 0
configure:4514: test -z 
			 || test ! -s conftest.err
configure:4517: $? = 0
configure:4520: test -s conftest
configure:4523: $? = 0
configure:4536: result: yes
configure:4552: checking for sqrt in -lm
configure:4582: /usr/bin/cc -o conftest -g -O2 -ffloat-store   conftest.c -lm  -lm -lm  >&5
conftest.c:33: warning: conflicting types for built-in function 'sqrt'
configure:4588: $? = 0
configure:4592: test -z 
			 || test ! -s conftest.err
configure:4595: $? = 0
configure:4598: test -s conftest
configure:4601: $? = 0
configure:4614: result: yes
configure:4892: checking for additional required C libraries
configure:4903: result: -lm 
configure:4913: checking for int
configure:4937: /usr/bin/cc -c -g -O2 -ffloat-store  conftest.c >&5
configure:4943: $? = 0
configure:4947: test -z 
			 || test ! -s conftest.err
configure:4950: $? = 0
configure:4953: test -s conftest.o
configure:4956: $? = 0
configure:4967: result: yes
configure:4970: checking size of int
configure:5289: /usr/bin/cc -o conftest -g -O2 -ffloat-store   conftest.c -lm  >&5
configure:5292: $? = 0
configure:5294: ./conftest
configure:5297: $? = 0
configure:5320: result: 4
configure:5329: checking for long int
configure:5353: /usr/bin/cc -c -g -O2 -ffloat-store  conftest.c >&5
configure:5359: $? = 0
configure:5363: test -z 
			 || test ! -s conftest.err
configure:5366: $? = 0
configure:5369: test -s conftest.o
configure:5372: $? = 0
configure:5383: result: yes
configure:5386: checking size of long int
configure:5705: /usr/bin/cc -o conftest -g -O2 -ffloat-store   conftest.c -lm  >&5
configure:5708: $? = 0
configure:5710: ./conftest
configure:5713: $? = 0
configure:5736: result: 4
configure:6162: checking for double
configure:6186: /usr/bin/cc -c -g -O2 -ffloat-store  conftest.c >&5
configure:6192: $? = 0
configure:6196: test -z 
			 || test ! -s conftest.err
configure:6199: $? = 0
configure:6202: test -s conftest.o
configure:6205: $? = 0
configure:6216: result: yes
configure:6219: checking size of double
configure:6538: /usr/bin/cc -o conftest -g -O2 -ffloat-store   conftest.c -lm  >&5
configure:6541: $? = 0
configure:6543: ./conftest
configure:6546: $? = 0
configure:6569: result: 8
configure:6994: checking for egrep
configure:7004: result: grep -E
configure:7011: checking for fgrep
configure:7021: result: grep -F
configure:7045: checking if /usr/bin/cc is a C++ compiler
configure:7076: /usr/bin/cc -o conftest -g -O2 -ffloat-store   conftest.c -lm  >&5
configure:7079: $? = 0
configure:7081: ./conftest
configure:7084: $? = 1
configure: program exited with status 1
configure: failed program was:
| /* confdefs.h.  */
| 
| #define PACKAGE_NAME "SUNDIALS"
| #define PACKAGE_TARNAME "sundials"
| #define PACKAGE_VERSION "2.2.0"
| #define PACKAGE_STRING "SUNDIALS 2.2.0"
| #define PACKAGE_BUGREPORT "radu@llnl.gov"
| #define HAVE_SYS_TYPES_H 1
| #define HAVE_SYS_STAT_H 1
| #define HAVE_STDLIB_H 1
| #define HAVE_STRING_H 1
| #define HAVE_MEMORY_H 1
| #define HAVE_STRINGS_H 1
| #define HAVE_INTTYPES_H 1
| #define HAVE_STDINT_H 1
| #define HAVE_UNISTD_H 1
| #define SUNDIALS_DOUBLE_PRECISION 1
| #define STDC_HEADERS 1
| #define HAVE_STDLIB_H 1
| #define HAVE_FLOAT_H 1
| #define HAVE_MATH_H 1
| #define HAVE_LIBM 1
| #define HAVE_LIBM 1
| #define HAVE_LIBM 1
| #define HAVE_LIBM 1
| #define SUNDIALS_USE_GENERIC_MATH 1
| #define SIZEOF_INT 4
| #define SIZEOF_LONG_INT 4
| #define SIZEOF_DOUBLE 8
| /* end confdefs.h.  */
| 
| int
| main ()
| {
| 
| #ifdef __cplusplus
|   return(0);
| #else
|   return(1);
| #endif
| 
|   ;
|   return 0;
| }
configure:7099: result: no
configure:7219: checking for Fortran 77 compiler version
configure:7222: f77 --version </dev/null >&5
GNU Fortran (GCC) 3.4.6 20060404 (Red Hat 3.4.6-9)
Copyright (C) 2006 Free Software Foundation, Inc.

GNU Fortran comes with NO WARRANTY, to the extent permitted by law.
You may redistribute copies of GNU Fortran
under the terms of the GNU General Public License.
For more information about these matters, see the file named COPYING
or type the command `info -f g77 Copying'.
configure:7225: $? = 0
configure:7227: f77 -v </dev/null >&5
Reading specs from /usr/lib/gcc/i386-redhat-linux/3.4.6/specs
Configured with: ../configure --prefix=/usr --mandir=/usr/share/man --infodir=/usr/share/info --enable-shared --enable-threads=posix --disable-checking --with-system-zlib --enable-__cxa_atexit --disable-libunwind-exceptions --enable-java-awt=gtk --host=i386-redhat-linux
Thread model: posix
gcc version 3.4.6 20060404 (Red Hat 3.4.6-9)
configure:7230: $? = 0
configure:7232: f77 -V </dev/null >&5
f77: `-V' option must have argument
configure:7235: $? = 1
configure:7243: checking whether we are using the GNU Fortran 77 compiler
configure:7257: f77 -c  conftest.F >&5
configure:7263: $? = 0
configure:7267: test -z 
			 || test ! -s conftest.err
configure:7270: $? = 0
configure:7273: test -s conftest.o
configure:7276: $? = 0
configure:7289: result: yes
configure:7295: checking whether f77 accepts -g
configure:7307: f77 -c -g conftest.f >&5
configure:7313: $? = 0
configure:7317: test -z 
			 || test ! -s conftest.err
configure:7320: $? = 0
configure:7323: test -s conftest.o
configure:7326: $? = 0
configure:7338: result: yes
configure:7509: checking for f77
configure:7527: found /usr/bin/f77
configure:7540: result: /usr/bin/f77
configure:7556: checking for extra Fortran compiler flags
configure:7569: result: none
configure:7636: checking how to get verbose linking output from /usr/bin/f77
configure:7647: /usr/bin/f77 -c -g -O2 -ffloat-store conftest.f >&5
configure:7653: $? = 0
configure:7657: test -z 
			 || test ! -s conftest.err
configure:7660: $? = 0
configure:7663: test -s conftest.o
configure:7666: $? = 0
configure:7683: /usr/bin/f77 -o conftest -g -O2 -ffloat-store -v  conftest.f -lm  >&5
Reading specs from /usr/lib/gcc/i386-redhat-linux/3.4.6/specs
Configured with: ../configure --prefix=/usr --mandir=/usr/share/man --infodir=/usr/share/info --enable-shared --enable-threads=posix --disable-checking --with-system-zlib --enable-__cxa_atexit --disable-libunwind-exceptions --enable-java-awt=gtk --host=i386-redhat-linux
Thread model: posix
gcc version 3.4.6 20060404 (Red Hat 3.4.6-9)
 /usr/libexec/gcc/i386-redhat-linux/3.4.6/f771 conftest.f -quiet -dumpbase conftest.f -auxbase conftest -g -O2 -version -ffloat-store -o /tmp/ccIAbNJl.s
GNU F77 version 3.4.6 20060404 (Red Hat 3.4.6-9) (i386-redhat-linux)
	compiled by GNU C version 3.4.6 20060404 (Red Hat 3.4.6-9).
GGC heuristics: --param ggc-min-expand=100 --param ggc-min-heapsize=131072
 as -V -Qy -o /tmp/cc0G6Nbv.o /tmp/ccIAbNJl.s
GNU assembler version 2.17 (i686-pc-linux-gnu) using BFD version 2.17
 /usr/libexec/gcc/i386-redhat-linux/3.4.6/collect2 --eh-frame-hdr -m elf_i386 -dynamic-linker /lib/ld-linux.so.2 -o conftest /usr/lib/gcc/i386-redhat-linux/3.4.6/../../../crt1.o /usr/lib/gcc/i386-redhat-linux/3.4.6/../../../crti.o /usr/lib/gcc/i386-redhat-linux/3.4.6/crtbegin.o -L/usr/lib/gcc/i386-redhat-linux/3.4.6 -L/usr/lib/gcc/i386-redhat-linux/3.4.6 -L/usr/lib/gcc/i386-redhat-linux/3.4.6/../../.. /tmp/cc0G6Nbv.o -lfrtbegin -lg2c -lm -lg2c -lm -lgcc_s -lgcc -lc -lgcc_s -lgcc /usr/lib/gcc/i386-redhat-linux/3.4.6/crtend.o /usr/lib/gcc/i386-redhat-linux/3.4.6/../../../crtn.o
configure:7742: result: -v
configure:7744: checking for Fortran libraries of /usr/bin/f77
configure:7765: /usr/bin/f77 -o conftest -g -O2 -ffloat-store -v  conftest.f -lm  >&5
Reading specs from /usr/lib/gcc/i386-redhat-linux/3.4.6/specs
Configured with: ../configure --prefix=/usr --mandir=/usr/share/man --infodir=/usr/share/info --enable-shared --enable-threads=posix --disable-checking --with-system-zlib --enable-__cxa_atexit --disable-libunwind-exceptions --enable-java-awt=gtk --host=i386-redhat-linux
Thread model: posix
gcc version 3.4.6 20060404 (Red Hat 3.4.6-9)
 /usr/libexec/gcc/i386-redhat-linux/3.4.6/f771 conftest.f -quiet -dumpbase conftest.f -auxbase conftest -g -O2 -version -ffloat-store -o /tmp/ccMuDvvq.s
GNU F77 version 3.4.6 20060404 (Red Hat 3.4.6-9) (i386-redhat-linux)
	compiled by GNU C version 3.4.6 20060404 (Red Hat 3.4.6-9).
GGC heuristics: --param ggc-min-expand=100 --param ggc-min-heapsize=131072
 as -V -Qy -o /tmp/ccwPcp2E.o /tmp/ccMuDvvq.s
GNU assembler version 2.17 (i686-pc-linux-gnu) using BFD version 2.17
 /usr/libexec/gcc/i386-redhat-linux/3.4.6/collect2 --eh-frame-hdr -m elf_i386 -dynamic-linker /lib/ld-linux.so.2 -o conftest /usr/lib/gcc/i386-redhat-linux/3.4.6/../../../crt1.o /usr/lib/gcc/i386-redhat-linux/3.4.6/../../../crti.o /usr/lib/gcc/i386-redhat-linux/3.4.6/crtbegin.o -L/usr/lib/gcc/i386-redhat-linux/3.4.6 -L/usr/lib/gcc/i386-redhat-linux/3.4.6 -L/usr/lib/gcc/i386-redhat-linux/3.4.6/../../.. /tmp/ccwPcp2E.o -lfrtbegin -lg2c -lm -lg2c -lm -lgcc_s -lgcc -lc -lgcc_s -lgcc /usr/lib/gcc/i386-redhat-linux/3.4.6/crtend.o /usr/lib/gcc/i386-redhat-linux/3.4.6/../../../crtn.o
configure:7930: result:  -L/usr/lib/gcc/i386-redhat-linux/3.4.6 -L/usr/lib/gcc/i386-redhat-linux/3.4.6/../../.. -lfrtbegin -lg2c -lm -lgcc_s
configure:7965: checking Fortran name-mangling scheme
configure:7977: /usr/bin/f77 -c -g -O2 -ffloat-store conftest.f >&5
configure:7983: $? = 0
configure:7987: test -z 
			 || test ! -s conftest.err
configure:7990: $? = 0
configure:7993: test -s conftest.o
configure:7996: $? = 0
configure:8041: /usr/bin/cc -o conftest -g -O2 -ffloat-store   conftest.c f77_wrapper_check.o -lm   -L/usr/lib/gcc/i386-redhat-linux/3.4.6 -L/usr/lib/gcc/i386-redhat-linux/3.4.6/../../.. -lfrtbegin -lg2c -lm -lgcc_s >&5
/tmp/ccUuUIBR.o: In function `main':
/home/smithsg/parflow/pfclm_ms/src/sundials/conftest.c:42: undefined reference to `sundials'
collect2: ld returned 1 exit status
configure:8047: $? = 1
configure: failed program was:
| /* confdefs.h.  */
| 
| #define PACKAGE_NAME "SUNDIALS"
| #define PACKAGE_TARNAME "sundials"
| #define PACKAGE_VERSION "2.2.0"
| #define PACKAGE_STRING "SUNDIALS 2.2.0"
| #define PACKAGE_BUGREPORT "radu@llnl.gov"
| #define HAVE_SYS_TYPES_H 1
| #define HAVE_SYS_STAT_H 1
| #define HAVE_STDLIB_H 1
| #define HAVE_STRING_H 1
| #define HAVE_MEMORY_H 1
| #define HAVE_STRINGS_H 1
| #define HAVE_INTTYPES_H 1
| #define HAVE_STDINT_H 1
| #define HAVE_UNISTD_H 1
| #define SUNDIALS_DOUBLE_PRECISION 1
| #define STDC_HEADERS 1
| #define HAVE_STDLIB_H 1
| #define HAVE_FLOAT_H 1
| #define HAVE_MATH_H 1
| #define HAVE_LIBM 1
| #define HAVE_LIBM 1
| #define HAVE_LIBM 1
| #define HAVE_LIBM 1
| #define SUNDIALS_USE_GENERIC_MATH 1
| #define SIZEOF_INT 4
| #define SIZEOF_LONG_INT 4
| #define SIZEOF_DOUBLE 8
| /* end confdefs.h.  */
| 
| /* Override any gcc2 internal prototype to avoid an error.  */
| #ifdef __cplusplus
| extern "C"
| #endif
| /* We use char because int might match the return type of a gcc2
|    builtin and then its argument prototype would still apply.  */
| char sundials ();
| int
| main ()
| {
| sundials ();
|   ;
|   return 0;
| }
configure:8041: /usr/bin/cc -o conftest -g -O2 -ffloat-store   conftest.c f77_wrapper_check.o -lm   -L/usr/lib/gcc/i386-redhat-linux/3.4.6 -L/usr/lib/gcc/i386-redhat-linux/3.4.6/../../.. -lfrtbegin -lg2c -lm -lgcc_s >&5
configure:8047: $? = 0
configure:8051: test -z 
			 || test ! -s conftest.err
configure:8054: $? = 0
configure:8057: test -s conftest
configure:8060: $? = 0
configure:8095: result: lowercase with one underscore
configure:8216: checking which linker to use
configure:8350: result: /usr/bin/f77
configure:8456: checking if using MPI-C script
configure:8477: result: yes
configure:8495: checking if absolute path to mpicc was given
configure:8525: result: no
configure:8534: checking for mpicc
configure:8552: found /nfs/apps/mpich/1.2.7p1/bin/mpicc
configure:8565: result: /nfs/apps/mpich/1.2.7p1/bin/mpicc
configure:8892: checking if using MPI-Fortran script
configure:8912: result: yes
configure:8926: checking if absolute path to mpif77 was given
configure:8954: result: no
configure:8963: checking for mpif77
configure:8981: found /nfs/apps/mpich/1.2.7p1/bin/mpif77
configure:8994: result: /nfs/apps/mpich/1.2.7p1/bin/mpif77
configure:9081: checking if /nfs/apps/mpich/1.2.7p1/bin/mpicc is a C++ compiler
configure:9112: /usr/bin/cc -o conftest -g -O2 -ffloat-store   conftest.c -lm  >&5
configure:9115: $? = 0
configure:9117: ./conftest
configure:9120: $? = 1
configure: program exited with status 1
configure: failed program was:
| /* confdefs.h.  */
| 
| #define PACKAGE_NAME "SUNDIALS"
| #define PACKAGE_TARNAME "sundials"
| #define PACKAGE_VERSION "2.2.0"
| #define PACKAGE_STRING "SUNDIALS 2.2.0"
| #define PACKAGE_BUGREPORT "radu@llnl.gov"
| #define HAVE_SYS_TYPES_H 1
| #define HAVE_SYS_STAT_H 1
| #define HAVE_STDLIB_H 1
| #define HAVE_STRING_H 1
| #define HAVE_MEMORY_H 1
| #define HAVE_STRINGS_H 1
| #define HAVE_INTTYPES_H 1
| #define HAVE_STDINT_H 1
| #define HAVE_UNISTD_H 1
| #define SUNDIALS_DOUBLE_PRECISION 1
| #define STDC_HEADERS 1
| #define HAVE_STDLIB_H 1
| #define HAVE_FLOAT_H 1
| #define HAVE_MATH_H 1
| #define HAVE_LIBM 1
| #define HAVE_LIBM 1
| #define HAVE_LIBM 1
| #define HAVE_LIBM 1
| #define SUNDIALS_USE_GENERIC_MATH 1
| #define SIZEOF_INT 4
| #define SIZEOF_LONG_INT 4
| #define SIZEOF_DOUBLE 8
| #define F77_FUNC(name,NAME) name ## _
| /* end confdefs.h.  */
| 
| int
| main ()
| {
| 
| #ifdef __cplusplus
|   return(0);
| #else
|   return(1);
| #endif
| 
|   ;
|   return 0;
| }
configure:9135: result: no
configure:9188: checking which linker to use
configure:9355: result: /nfs/apps/mpich/1.2.7p1/bin/mpif77
configure:9747: checking for MPI_Comm_f2c() from MPI-2 specification
configure:9772: /nfs/apps/mpich/1.2.7p1/bin/mpicc -o conftest -g -O2 -ffloat-store -I/nfs/apps/mpich/1.2.7p1/bin/../include -L/nfs/apps/mpich/1.2.7p1/bin/../lib conftest.c -lm  >&5
configure:9778: $? = 0
configure:9782: test -z 
			 || test ! -s conftest.err
configure:9785: $? = 0
configure:9788: test -s conftest
configure:9791: $? = 0
configure:9793: result: yes
configure:9926: checking for a sed that does not truncate output
configure:9980: result: /bin/sed
configure:9994: checking for ld used by /usr/bin/cc
configure:10061: result: /usr/casc/samrai/local.Linux/binutils/2.17/bin/ld
configure:10070: checking if the linker (/usr/casc/samrai/local.Linux/binutils/2.17/bin/ld) is GNU ld
configure:10085: result: yes
configure:10090: checking for /usr/casc/samrai/local.Linux/binutils/2.17/bin/ld option to reload object files
configure:10097: result: -r
configure:10115: checking for BSD-compatible nm
configure:10157: result: /usr/casc/samrai/local.Linux/binutils/2.17/bin/nm -B
configure:10161: checking whether ln -s works
configure:10165: result: yes
configure:10172: checking how to recognise dependent libraries
configure:10344: result: pass_all
configure:10810: checking dlfcn.h usability
configure:10822: /usr/bin/cc -c -g -O2 -ffloat-store  conftest.c >&5
configure:10828: $? = 0
configure:10832: test -z 
			 || test ! -s conftest.err
configure:10835: $? = 0
configure:10838: test -s conftest.o
configure:10841: $? = 0
configure:10851: result: yes
configure:10855: checking dlfcn.h presence
configure:10865: /usr/bin/cc -E  conftest.c
configure:10871: $? = 0
configure:10891: result: yes
configure:10926: checking for dlfcn.h
configure:10933: result: yes
configure:10998: checking for g++
configure:11014: found /nfs/apps/gcc/4.2.2/bin/g++
configure:11024: result: g++
configure:11040: checking for C++ compiler version
configure:11043: g++ --version </dev/null >&5
g++ (GCC) 4.2.2
Copyright (C) 2007 Free Software Foundation, Inc.
This is free software; see the source for copying conditions.  There is NO
warranty; not even for MERCHANTABILITY or FITNESS FOR A PARTICULAR PURPOSE.

configure:11046: $? = 0
configure:11048: g++ -v </dev/null >&5
Using built-in specs.
Target: i686-pc-linux-gnu
Configured with: ../gcc-4.2.2/configure --prefix=/nfs/apps/gcc/4.2.2
Thread model: posix
gcc version 4.2.2
configure:11051: $? = 0
configure:11053: g++ -V </dev/null >&5
g++: '-V' option must have argument
configure:11056: $? = 1
configure:11059: checking whether we are using the GNU C++ compiler
configure:11083: g++ -c   conftest.cc >&5
configure:11089: $? = 0
configure:11093: test -z 
			 || test ! -s conftest.err
configure:11096: $? = 0
configure:11099: test -s conftest.o
configure:11102: $? = 0
configure:11115: result: yes
configure:11121: checking whether g++ accepts -g
configure:11142: g++ -c -g  conftest.cc >&5
configure:11148: $? = 0
configure:11152: test -z 
			 || test ! -s conftest.err
configure:11155: $? = 0
configure:11158: test -s conftest.o
configure:11161: $? = 0
configure:11172: result: yes
configure:11214: g++ -c -g -O2  conftest.cc >&5
configure:11220: $? = 0
configure:11224: test -z 
			 || test ! -s conftest.err
configure:11227: $? = 0
configure:11230: test -s conftest.o
configure:11233: $? = 0
configure:11259: g++ -c -g -O2  conftest.cc >&5
conftest.cc: In function 'int main()':
conftest.cc:38: error: 'exit' was not declared in this scope
configure:11265: $? = 1
configure: failed program was:
| /* confdefs.h.  */
| 
| #define PACKAGE_NAME "SUNDIALS"
| #define PACKAGE_TARNAME "sundials"
| #define PACKAGE_VERSION "2.2.0"
| #define PACKAGE_STRING "SUNDIALS 2.2.0"
| #define PACKAGE_BUGREPORT "radu@llnl.gov"
| #define HAVE_SYS_TYPES_H 1
| #define HAVE_SYS_STAT_H 1
| #define HAVE_STDLIB_H 1
| #define HAVE_STRING_H 1
| #define HAVE_MEMORY_H 1
| #define HAVE_STRINGS_H 1
| #define HAVE_INTTYPES_H 1
| #define HAVE_STDINT_H 1
| #define HAVE_UNISTD_H 1
| #define SUNDIALS_DOUBLE_PRECISION 1
| #define STDC_HEADERS 1
| #define HAVE_STDLIB_H 1
| #define HAVE_FLOAT_H 1
| #define HAVE_MATH_H 1
| #define HAVE_LIBM 1
| #define HAVE_LIBM 1
| #define HAVE_LIBM 1
| #define HAVE_LIBM 1
| #define SUNDIALS_USE_GENERIC_MATH 1
| #define SIZEOF_INT 4
| #define SIZEOF_LONG_INT 4
| #define SIZEOF_DOUBLE 8
| #define F77_FUNC(name,NAME) name ## _
| #define SUNDIALS_MPI_COMM_F2C 1
| #define HAVE_DLFCN_H 1
| /* end confdefs.h.  */
| 
| int
| main ()
| {
| exit (42);
|   ;
|   return 0;
| }
configure:11214: g++ -c -g -O2  conftest.cc >&5
conftest.cc:34: error: 'void std::exit(int)' should have been declared inside 'std'
configure:11220: $? = 1
configure: failed program was:
| /* confdefs.h.  */
| 
| #define PACKAGE_NAME "SUNDIALS"
| #define PACKAGE_TARNAME "sundials"
| #define PACKAGE_VERSION "2.2.0"
| #define PACKAGE_STRING "SUNDIALS 2.2.0"
| #define PACKAGE_BUGREPORT "radu@llnl.gov"
| #define HAVE_SYS_TYPES_H 1
| #define HAVE_SYS_STAT_H 1
| #define HAVE_STDLIB_H 1
| #define HAVE_STRING_H 1
| #define HAVE_MEMORY_H 1
| #define HAVE_STRINGS_H 1
| #define HAVE_INTTYPES_H 1
| #define HAVE_STDINT_H 1
| #define HAVE_UNISTD_H 1
| #define SUNDIALS_DOUBLE_PRECISION 1
| #define STDC_HEADERS 1
| #define HAVE_STDLIB_H 1
| #define HAVE_FLOAT_H 1
| #define HAVE_MATH_H 1
| #define HAVE_LIBM 1
| #define HAVE_LIBM 1
| #define HAVE_LIBM 1
| #define HAVE_LIBM 1
| #define SUNDIALS_USE_GENERIC_MATH 1
| #define SIZEOF_INT 4
| #define SIZEOF_LONG_INT 4
| #define SIZEOF_DOUBLE 8
| #define F77_FUNC(name,NAME) name ## _
| #define SUNDIALS_MPI_COMM_F2C 1
| #define HAVE_DLFCN_H 1
| /* end confdefs.h.  */
| extern "C" void std::exit (int) throw (); using std::exit;
| #include <stdlib.h>
| int
| main ()
| {
| exit (42);
|   ;
|   return 0;
| }
configure:11214: g++ -c -g -O2  conftest.cc >&5
conftest.cc:34: error: 'void std::exit(int)' should have been declared inside 'std'
In file included from conftest.cc:35:
/usr/include/stdlib.h:640: error: declaration of 'void std::exit(int) throw ()' throws different exceptions
conftest.cc:34: error: from previous declaration 'void std::exit(int)'
configure:11220: $? = 1
configure: failed program was:
| /* confdefs.h.  */
| 
| #define PACKAGE_NAME "SUNDIALS"
| #define PACKAGE_TARNAME "sundials"
| #define PACKAGE_VERSION "2.2.0"
| #define PACKAGE_STRING "SUNDIALS 2.2.0"
| #define PACKAGE_BUGREPORT "radu@llnl.gov"
| #define HAVE_SYS_TYPES_H 1
| #define HAVE_SYS_STAT_H 1
| #define HAVE_STDLIB_H 1
| #define HAVE_STRING_H 1
| #define HAVE_MEMORY_H 1
| #define HAVE_STRINGS_H 1
| #define HAVE_INTTYPES_H 1
| #define HAVE_STDINT_H 1
| #define HAVE_UNISTD_H 1
| #define SUNDIALS_DOUBLE_PRECISION 1
| #define STDC_HEADERS 1
| #define HAVE_STDLIB_H 1
| #define HAVE_FLOAT_H 1
| #define HAVE_MATH_H 1
| #define HAVE_LIBM 1
| #define HAVE_LIBM 1
| #define HAVE_LIBM 1
| #define HAVE_LIBM 1
| #define SUNDIALS_USE_GENERIC_MATH 1
| #define SIZEOF_INT 4
| #define SIZEOF_LONG_INT 4
| #define SIZEOF_DOUBLE 8
| #define F77_FUNC(name,NAME) name ## _
| #define SUNDIALS_MPI_COMM_F2C 1
| #define HAVE_DLFCN_H 1
| /* end confdefs.h.  */
| extern "C" void std::exit (int); using std::exit;
| #include <stdlib.h>
| int
| main ()
| {
| exit (42);
|   ;
|   return 0;
| }
configure:11214: g++ -c -g -O2  conftest.cc >&5
configure:11220: $? = 0
configure:11224: test -z 
			 || test ! -s conftest.err
configure:11227: $? = 0
configure:11230: test -s conftest.o
configure:11233: $? = 0
configure:11259: g++ -c -g -O2  conftest.cc >&5
configure:11265: $? = 0
configure:11269: test -z 
			 || test ! -s conftest.err
configure:11272: $? = 0
configure:11275: test -s conftest.o
configure:11278: $? = 0
configure:11311: checking how to run the C++ preprocessor
configure:11342: g++ -E  conftest.cc
configure:11348: $? = 0
configure:11380: g++ -E  conftest.cc
conftest.cc:37:28: error: ac_nonexistent.h: No such file or directory
configure:11386: $? = 1
configure: failed program was:
| /* confdefs.h.  */
| 
| #define PACKAGE_NAME "SUNDIALS"
| #define PACKAGE_TARNAME "sundials"
| #define PACKAGE_VERSION "2.2.0"
| #define PACKAGE_STRING "SUNDIALS 2.2.0"
| #define PACKAGE_BUGREPORT "radu@llnl.gov"
| #define HAVE_SYS_TYPES_H 1
| #define HAVE_SYS_STAT_H 1
| #define HAVE_STDLIB_H 1
| #define HAVE_STRING_H 1
| #define HAVE_MEMORY_H 1
| #define HAVE_STRINGS_H 1
| #define HAVE_INTTYPES_H 1
| #define HAVE_STDINT_H 1
| #define HAVE_UNISTD_H 1
| #define SUNDIALS_DOUBLE_PRECISION 1
| #define STDC_HEADERS 1
| #define HAVE_STDLIB_H 1
| #define HAVE_FLOAT_H 1
| #define HAVE_MATH_H 1
| #define HAVE_LIBM 1
| #define HAVE_LIBM 1
| #define HAVE_LIBM 1
| #define HAVE_LIBM 1
| #define SUNDIALS_USE_GENERIC_MATH 1
| #define SIZEOF_INT 4
| #define SIZEOF_LONG_INT 4
| #define SIZEOF_DOUBLE 8
| #define F77_FUNC(name,NAME) name ## _
| #define SUNDIALS_MPI_COMM_F2C 1
| #define HAVE_DLFCN_H 1
| #ifdef __cplusplus
| extern "C" void exit (int) throw ();
| #endif
| /* end confdefs.h.  */
| #include <ac_nonexistent.h>
configure:11425: result: g++ -E
configure:11449: g++ -E  conftest.cc
configure:11455: $? = 0
configure:11487: g++ -E  conftest.cc
conftest.cc:37:28: error: ac_nonexistent.h: No such file or directory
configure:11493: $? = 1
configure: failed program was:
| /* confdefs.h.  */
| 
| #define PACKAGE_NAME "SUNDIALS"
| #define PACKAGE_TARNAME "sundials"
| #define PACKAGE_VERSION "2.2.0"
| #define PACKAGE_STRING "SUNDIALS 2.2.0"
| #define PACKAGE_BUGREPORT "radu@llnl.gov"
| #define HAVE_SYS_TYPES_H 1
| #define HAVE_SYS_STAT_H 1
| #define HAVE_STDLIB_H 1
| #define HAVE_STRING_H 1
| #define HAVE_MEMORY_H 1
| #define HAVE_STRINGS_H 1
| #define HAVE_INTTYPES_H 1
| #define HAVE_STDINT_H 1
| #define HAVE_UNISTD_H 1
| #define SUNDIALS_DOUBLE_PRECISION 1
| #define STDC_HEADERS 1
| #define HAVE_STDLIB_H 1
| #define HAVE_FLOAT_H 1
| #define HAVE_MATH_H 1
| #define HAVE_LIBM 1
| #define HAVE_LIBM 1
| #define HAVE_LIBM 1
| #define HAVE_LIBM 1
| #define SUNDIALS_USE_GENERIC_MATH 1
| #define SIZEOF_INT 4
| #define SIZEOF_LONG_INT 4
| #define SIZEOF_DOUBLE 8
| #define F77_FUNC(name,NAME) name ## _
| #define SUNDIALS_MPI_COMM_F2C 1
| #define HAVE_DLFCN_H 1
| #ifdef __cplusplus
| extern "C" void exit (int) throw ();
| #endif
| /* end confdefs.h.  */
| #include <ac_nonexistent.h>
configure:11543: checking the maximum length of command line arguments
configure:11622: result: 32768
configure:11633: checking command to parse /usr/casc/samrai/local.Linux/binutils/2.17/bin/nm -B output from /usr/bin/cc object
configure:11729: g++ -c -g -O2  conftest.cc >&5
configure:11732: $? = 0
configure:11736: /usr/casc/samrai/local.Linux/binutils/2.17/bin/nm -B conftest.o \| sed -n -e 's/^.*[ 	]\([ABCDGIRSTW][ABCDGIRSTW]*\)[ 	][ 	]*\(\)\([_A-Za-z][_A-Za-z0-9]*\)$/\1 \2\3 \3/p' \> conftest.nm
configure:11739: $? = 0
configure:11791: g++ -o conftest -g -O2   conftest.cc conftstm.o >&5
configure:11794: $? = 0
configure:11832: result: ok
configure:11836: checking for objdir
configure:11851: result: .libs
configure:11941: checking for ar
configure:11957: found /usr/casc/samrai/local.Linux/binutils/2.17/bin/ar
configure:11968: result: ar
configure:12021: checking for ranlib
configure:12037: found /usr/casc/samrai/local.Linux/binutils/2.17/bin/ranlib
configure:12048: result: ranlib
configure:12101: checking for strip
configure:12117: found /usr/casc/samrai/local.Linux/binutils/2.17/bin/strip
configure:12128: result: strip
configure:12393: checking if /usr/bin/cc static flag  works
configure:12416: result: yes
configure:12434: checking if /usr/bin/cc supports -fno-rtti -fno-exceptions
configure:12452: /usr/bin/cc -c -g -O2 -ffloat-store  -fno-rtti -fno-exceptions conftest.c >&5
cc1: warning: command line option "-fno-rtti" is valid for C++/ObjC++ but not for C
configure:12456: $? = 0
configure:12467: result: no
configure:12482: checking for /usr/bin/cc option to produce PIC
configure:12669: result: -fPIC
configure:12677: checking if /usr/bin/cc PIC flag -fPIC works
configure:12695: /usr/bin/cc -c -g -O2 -ffloat-store  -fPIC -DPIC conftest.c >&5
configure:12699: $? = 0
configure:12710: result: yes
configure:12734: checking if /usr/bin/cc supports -c -o file.o
configure:12755: /usr/bin/cc -c -g -O2 -ffloat-store  -o out/conftest2.o conftest.c >&5
configure:12759: $? = 0
configure:12779: result: yes
configure:12805: checking whether the /usr/bin/cc linker (/usr/casc/samrai/local.Linux/binutils/2.17/bin/ld) supports shared libraries
configure:13654: result: yes
configure:13725: checking dynamic linker characteristics
configure:14265: result: GNU/Linux ld.so
configure:14269: checking how to hardcode library paths into programs
configure:14294: result: immediate
configure:14308: checking whether stripping libraries is possible
configure:14313: result: yes
configure:15143: checking if libtool supports shared libraries
configure:15145: result: yes
configure:15148: checking whether to build shared libraries
configure:15169: result: no
configure:15172: checking whether to build static libraries
configure:15176: result: yes
configure:15268: creating libtool
configure:15818: checking for ld used by g++
configure:15885: result: /usr/casc/samrai/local.Linux/binutils/2.17/bin/ld
configure:15894: checking if the linker (/usr/casc/samrai/local.Linux/binutils/2.17/bin/ld) is GNU ld
configure:15909: result: yes
configure:15960: checking whether the g++ linker (/usr/casc/samrai/local.Linux/binutils/2.17/bin/ld) supports shared libraries
configure:16827: result: yes
configure:16845: g++ -c -g -O2  conftest.cc >&5
configure:16848: $? = 0
configure:16944: checking for g++ option to produce PIC
configure:17206: result: -fPIC
configure:17214: checking if g++ PIC flag -fPIC works
configure:17232: g++ -c -g -O2  -fPIC -DPIC conftest.cc >&5
configure:17236: $? = 0
configure:17247: result: yes
configure:17271: checking if g++ supports -c -o file.o
configure:17292: g++ -c -g -O2  -o out/conftest2.o conftest.cc >&5
configure:17296: $? = 0
configure:17316: result: yes
configure:17342: checking whether the g++ linker (/usr/casc/samrai/local.Linux/binutils/2.17/bin/ld) supports shared libraries
configure:17367: result: yes
configure:17438: checking dynamic linker characteristics
configure:17978: result: GNU/Linux ld.so
configure:17982: checking how to hardcode library paths into programs
configure:18007: result: immediate
configure:18021: checking whether stripping libraries is possible
configure:18026: result: yes
configure:19334: checking if libtool supports shared libraries
configure:19336: result: yes
configure:19339: checking whether to build shared libraries
configure:19357: result: no
configure:19360: checking whether to build static libraries
configure:19364: result: yes
configure:19376: checking for /usr/bin/f77 option to produce PIC
configure:19563: result: -fPIC
configure:19571: checking if /usr/bin/f77 PIC flag -fPIC works
configure:19589: /usr/bin/f77 -c -g -O2 -ffloat-store -fPIC conftest.f >&5
configure:19593: $? = 0
configure:19604: result: yes
configure:19628: checking if /usr/bin/f77 supports -c -o file.o
configure:19649: /usr/bin/f77 -c -g -O2 -ffloat-store -o out/conftest2.o conftest.f >&5
configure:19653: $? = 0
configure:19673: result: yes
configure:19699: checking whether the /usr/bin/f77 linker (/usr/casc/samrai/local.Linux/binutils/2.17/bin/ld) supports shared libraries
configure:20528: result: yes
configure:20599: checking dynamic linker characteristics
configure:21139: result: GNU/Linux ld.so
configure:21143: checking how to hardcode library paths into programs
configure:21168: result: immediate
configure:21182: checking whether stripping libraries is possible
configure:21187: result: yes
configure:25345: checking if we can build serial C examples
configure:25348: result: yes
configure:25353: checking if we can build parallel C examples
configure:25358: result: yes
configure:25368: checking if we can build serial Fortran examples
configure:25373: result: yes
configure:25378: checking if we can build parallel Fortran examples
configure:25383: result: yes
configure:25468: checking for 'include' directory
configure:25571: result: /home/smithsg/parflow/pfclm_ms/src/sundials/include
configure:25575: checking for 'lib' directory
configure:25714: result: /home/smithsg/parflow/pfclm_ms/src/sundials/lib
configure:26047: creating ./config.status

## ---------------------- ##
## Running config.status. ##
## ---------------------- ##

This file was extended by SUNDIALS config.status 2.2.0, which was
generated by GNU Autoconf 2.59.  Invocation command line was

  CONFIG_FILES    = 
  CONFIG_HEADERS  = 
  CONFIG_LINKS    = 
  CONFIG_COMMANDS = 
  $ ./config.status 

on tux262.llnl.gov

config.status:712: creating Makefile
config.status:712: creating shared/source/Makefile
config.status:712: creating nvec_ser/Makefile
config.status:712: creating nvec_par/Makefile
config.status:712: creating cvode/source/Makefile
config.status:712: creating cvode/fcmix/Makefile
config.status:712: creating cvode/examples_ser/Makefile
config.status:712: creating cvode/examples_par/Makefile
config.status:712: creating cvode/fcmix/examples_ser/Makefile
config.status:712: creating cvode/fcmix/examples_par/Makefile
config.status:712: creating cvodes/source/Makefile
config.status:712: creating cvodes/examples_ser/Makefile
config.status:712: creating cvodes/examples_par/Makefile
config.status:712: creating ida/source/Makefile
config.status:712: creating ida/fcmix/Makefile
config.status:712: creating ida/examples_ser/Makefile
config.status:712: creating ida/examples_par/Makefile
config.status:712: creating ida/fcmix/examples_ser/Makefile
config.status:712: creating ida/fcmix/examples_par/Makefile
config.status:712: creating kinsol/source/Makefile
config.status:712: creating kinsol/fcmix/Makefile
config.status:712: creating kinsol/examples_ser/Makefile
config.status:712: creating kinsol/examples_par/Makefile
config.status:712: creating kinsol/fcmix/examples_ser/Makefile
config.status:712: creating kinsol/fcmix/examples_par/Makefile
config.status:712: creating config/fortran_update.sh
config.status:712: creating config/sundials_config.h
config.status:816: creating config.h
config.status:942: config.h is unchanged

## ---------------- ##
## Cache variables. ##
## ---------------- ##

ac_cv_build=i686-pc-linux-gnu
ac_cv_build_alias=i686-pc-linux-gnu
ac_cv_c_compiler_gnu=yes
ac_cv_cxx_compiler_gnu=yes
ac_cv_env_CC_set=
ac_cv_env_CC_value=
ac_cv_env_CFLAGS_set=
ac_cv_env_CFLAGS_value=
ac_cv_env_CPPFLAGS_set=
ac_cv_env_CPPFLAGS_value=
ac_cv_env_CPP_set=
ac_cv_env_CPP_value=
ac_cv_env_CXXCPP_set=
ac_cv_env_CXXCPP_value=
ac_cv_env_CXXFLAGS_set=
ac_cv_env_CXXFLAGS_value=
ac_cv_env_CXX_set=
ac_cv_env_CXX_value=
ac_cv_env_F77_set=
ac_cv_env_F77_value=
ac_cv_env_FFLAGS_set=
ac_cv_env_FFLAGS_value=
ac_cv_env_LDFLAGS_set=
ac_cv_env_LDFLAGS_value=
ac_cv_env_build_alias_set=
ac_cv_env_build_alias_value=
ac_cv_env_host_alias_set=
ac_cv_env_host_alias_value=
ac_cv_env_target_alias_set=
ac_cv_env_target_alias_value=
ac_cv_exeext=
ac_cv_f77_compiler_gnu=yes
ac_cv_f77_libs=' -L/usr/lib/gcc/i386-redhat-linux/3.4.6 -L/usr/lib/gcc/i386-redhat-linux/3.4.6/../../.. -lfrtbegin -lg2c -lm -lgcc_s'
ac_cv_header_dlfcn_h=yes
ac_cv_header_float_h=yes
ac_cv_header_inttypes_h=yes
ac_cv_header_math_h=yes
ac_cv_header_memory_h=yes
ac_cv_header_stdc=yes
ac_cv_header_stdint_h=yes
ac_cv_header_stdlib_h=yes
ac_cv_header_string_h=yes
ac_cv_header_strings_h=yes
ac_cv_header_sys_stat_h=yes
ac_cv_header_sys_types_h=yes
ac_cv_header_unistd_h=yes
ac_cv_host=i686-pc-linux-gnu
ac_cv_host_alias=i686-pc-linux-gnu
ac_cv_lib_m_abs=yes
ac_cv_lib_m_fabs=yes
ac_cv_lib_m_pow=yes
ac_cv_lib_m_sqrt=yes
ac_cv_objext=o
ac_cv_path_CC_COMP=/usr/bin/cc
ac_cv_path_F77_COMP=/usr/bin/f77
ac_cv_path_MPICC_COMP=/nfs/apps/mpich/1.2.7p1/bin/mpicc
ac_cv_path_MPIF77_COMP=/nfs/apps/mpich/1.2.7p1/bin/mpif77
ac_cv_path_install='/usr/bin/install -c'
ac_cv_prog_CPP='/usr/bin/cc -E'
ac_cv_prog_CXXCPP='g++ -E'
ac_cv_prog_ac_ct_AR=ar
ac_cv_prog_ac_ct_CXX=g++
ac_cv_prog_ac_ct_RANLIB=ranlib
ac_cv_prog_ac_ct_STRIP=strip
ac_cv_prog_cc_g=yes
ac_cv_prog_cc_stdc=
ac_cv_prog_cxx_g=yes
ac_cv_prog_egrep='grep -E'
ac_cv_prog_f77_g=yes
ac_cv_prog_f77_v=-v
ac_cv_prog_fgrep='grep -F'
ac_cv_prog_make_make_set=yes
ac_cv_sizeof_double=8
ac_cv_sizeof_int=4
ac_cv_sizeof_long_int=4
ac_cv_type_double=yes
ac_cv_type_int=yes
ac_cv_type_long_int=yes
lt_cv_deplibs_check_method=pass_all
lt_cv_file_magic_cmd='$MAGIC_CMD'
lt_cv_file_magic_test_file=
lt_cv_ld_reload_flag=-r
lt_cv_objdir=.libs
lt_cv_path_LD=/usr/casc/samrai/local.Linux/binutils/2.17/bin/ld
lt_cv_path_LDCXX=/usr/casc/samrai/local.Linux/binutils/2.17/bin/ld
lt_cv_path_NM='/usr/casc/samrai/local.Linux/binutils/2.17/bin/nm -B'
lt_cv_path_SED=/bin/sed
lt_cv_prog_compiler_c_o=yes
lt_cv_prog_compiler_c_o_CXX=yes
lt_cv_prog_compiler_c_o_F77=yes
lt_cv_prog_compiler_rtti_exceptions=no
lt_cv_prog_gnu_ld=yes
lt_cv_prog_gnu_ldcxx=yes
lt_cv_sys_global_symbol_pipe='sed -n -e '\''s/^.*[ 	]\([ABCDGIRSTW][ABCDGIRSTW]*\)[ 	][ 	]*\(\)\([_A-Za-z][_A-Za-z0-9]*\)$/\1 \2\3 \3/p'\'''
lt_cv_sys_global_symbol_to_c_name_address='sed -n -e '\''s/^: \([^ ]*\) $/  {\"\1\", (lt_ptr) 0},/p'\'' -e '\''s/^[BCDEGRST] \([^ ]*\) \([^ ]*\)$/  {"\2", (lt_ptr) \&\2},/p'\'''
lt_cv_sys_global_symbol_to_cdecl='sed -n -e '\''s/^. .* \(.*\)$/extern int \1;/p'\'''
lt_cv_sys_max_cmd_len=32768
lt_lt_cv_prog_compiler_c_o='"yes"'
lt_lt_cv_prog_compiler_c_o_CXX='"yes"'
lt_lt_cv_prog_compiler_c_o_F77='"yes"'
lt_lt_cv_sys_global_symbol_pipe='"sed -n -e '\''s/^.*[ 	]\\([ABCDGIRSTW][ABCDGIRSTW]*\\)[ 	][ 	]*\\(\\)\\([_A-Za-z][_A-Za-z0-9]*\\)\$/\\1 \\2\\3 \\3/p'\''"'
lt_lt_cv_sys_global_symbol_to_c_name_address='"sed -n -e '\''s/^: \\([^ ]*\\) \$/  {\\\"\\1\\\", (lt_ptr) 0},/p'\'' -e '\''s/^[BCDEGRST] \\([^ ]*\\) \\([^ ]*\\)\$/  {\"\\2\", (lt_ptr) \\&\\2},/p'\''"'
lt_lt_cv_sys_global_symbol_to_cdecl='"sed -n -e '\''s/^. .* \\(.*\\)\$/extern int \\1;/p'\''"'

## ----------------- ##
## Output variables. ##
## ----------------- ##

AR='ar'
AS='as'
CC='/usr/bin/cc'
CC_COMP='/usr/bin/cc'
CFLAGS='-g -O2 -ffloat-store'
COMPILER_PREFIX=''
CPP='/usr/bin/cc -E'
CPPFLAGS=''
CXX='g++'
CXXCPP='g++ -E'
CXXFLAGS='-g -O2'
DEFS='-DHAVE_CONFIG_H'
DLLTOOL='dlltool'
ECHO='echo'
ECHO_C=''
ECHO_N='-n'
ECHO_T=''
EGREP='grep -E'
EXAMPLE_MODULES=' cvode/examples_ser cvode/examples_par cvode/fcmix/examples_ser cvode/fcmix/examples_par cvodes/examples_ser cvodes/examples_par ida/examples_ser ida/examples_par ida/fcmix/examples_ser ida/fcmix/examples_par kinsol/examples_ser kinsol/examples_par kinsol/fcmix/examples_ser kinsol/fcmix/examples_par'
EXEEXT=''
F77='/usr/bin/f77'
F77_CASE=''
F77_COMP='/usr/bin/f77'
F77_LNKR='$(F77)'
F77_MANGLE_MACRO1='#define F77_FUNC(name,NAME) name ## _'
F77_MANGLE_MACRO2='#define F77_FUNC_(name,NAME) name ## _'
F77_MPI_COMM_F2C='#define SUNDIALS_MPI_COMM_F2C 1'
F77_UNDERSCORES=''
FCMIX_ENABLED='yes'
FFLAGS='-g -O2 -ffloat-store'
FGREP='grep -F'
FLIBS=' -L/usr/lib/gcc/i386-redhat-linux/3.4.6 -L/usr/lib/gcc/i386-redhat-linux/3.4.6/../../.. -lfrtbegin -lg2c -lm -lgcc_s'
FLOAT_TYPE='double'
GENERIC_MATH_LIB='#define SUNDIALS_USE_GENERIC_MATH 1'
INSTALL_DATA='${INSTALL} -m 644'
INSTALL_PROGRAM='${INSTALL}'
INSTALL_SCRIPT='${INSTALL}'
LDFLAGS=''
LIBOBJS=''
LIBS='-lm '
LIBTOOL='$(SHELL) $(top_builddir)/libtool'
LIBTOOL_CMD=''
LIBTOOL_DEPS='config/ltmain.sh'
LIB_REVISION='0:0:0'
LINKER_PREFIX=''
LN_S='ln -s'
LTLIBOBJS=''
MODULES='shared/source cvode/source cvode/fcmix cvodes/source ida/source ida/fcmix kinsol/source kinsol/fcmix'
MPICC='/nfs/apps/mpich/1.2.7p1/bin/mpicc'
MPICC_COMP='/nfs/apps/mpich/1.2.7p1/bin/mpicc'
MPIF77='/nfs/apps/mpich/1.2.7p1/bin/mpif77'
MPIF77_COMP='/nfs/apps/mpich/1.2.7p1/bin/mpif77'
MPIF77_LNKR='$(MPIF77)'
MPI_FLAGS=''
MPI_INC_DIR='/nfs/apps/mpich/1.2.7p1/bin/../include'
MPI_LIBS=''
MPI_LIB_DIR='/nfs/apps/mpich/1.2.7p1/bin/../lib'
NVEC_MODULES='nvec_ser nvec_par'
OBJDUMP='objdump'
OBJEXT='o'
OBJ_EXT='o'
PACKAGE_BUGREPORT='radu@llnl.gov'
PACKAGE_NAME='SUNDIALS'
PACKAGE_STRING='SUNDIALS 2.2.0'
PACKAGE_TARNAME='sundials'
PACKAGE_VERSION='2.2.0'
PATH_SEPARATOR=':'
PRECISION_LEVEL='#define SUNDIALS_DOUBLE_PRECISION 1'
RANLIB='ranlib'
SET_MAKE=''
SHELL='/bin/sh'
STRIP='strip'
ac_ct_AR='ar'
ac_ct_AS=''
ac_ct_CC=''
ac_ct_CXX='g++'
ac_ct_DLLTOOL=''
ac_ct_F77=''
ac_ct_OBJDUMP=''
ac_ct_RANLIB='ranlib'
ac_ct_STRIP='strip'
bindir='${exec_prefix}/bin'
build='i686-pc-linux-gnu'
build_alias=''
build_cpu='i686'
build_os='linux-gnu'
build_vendor='pc'
datadir='${prefix}/share'
exec_prefix='${prefix}'
host='i686-pc-linux-gnu'
host_alias=''
host_cpu='i686'
host_os='linux-gnu'
host_vendor='pc'
includedir='${prefix}/include'
infodir='${prefix}/info'
libdir='${exec_prefix}/lib'
libexecdir='${exec_prefix}/libexec'
localstatedir='${prefix}/var'
mandir='${prefix}/man'
oldincludedir='/usr/include'
prefix='/home/smithsg/parflow/pfclm_ms/src/sundials'
program_transform_name='s,x,x,'
sbindir='${exec_prefix}/sbin'
sharedstatedir='${prefix}/com'
sysconfdir='${prefix}/etc'
target_alias=''

## ----------- ##
## confdefs.h. ##
## ----------- ##

#define F77_FUNC(name,NAME) name ## _
#define HAVE_DLFCN_H 1
#define HAVE_FLOAT_H 1
#define HAVE_INTTYPES_H 1
#define HAVE_LIBM 1
#define HAVE_LIBM 1
#define HAVE_LIBM 1
#define HAVE_LIBM 1
#define HAVE_MATH_H 1
#define HAVE_MEMORY_H 1
#define HAVE_STDINT_H 1
#define HAVE_STDLIB_H 1
#define HAVE_STDLIB_H 1
#define HAVE_STRINGS_H 1
#define HAVE_STRING_H 1
#define HAVE_SYS_STAT_H 1
#define HAVE_SYS_TYPES_H 1
#define HAVE_UNISTD_H 1
#define PACKAGE_BUGREPORT "radu@llnl.gov"
#define PACKAGE_NAME "SUNDIALS"
#define PACKAGE_STRING "SUNDIALS 2.2.0"
#define PACKAGE_TARNAME "sundials"
#define PACKAGE_VERSION "2.2.0"
#define SIZEOF_DOUBLE 8
#define SIZEOF_INT 4
#define SIZEOF_LONG_INT 4
#define STDC_HEADERS 1
#define SUNDIALS_DOUBLE_PRECISION 1
#define SUNDIALS_MPI_COMM_F2C 1
#define SUNDIALS_USE_GENERIC_MATH 1
#endif
#ifdef __cplusplus
extern "C" void exit (int) throw ();

configure: exit 0
