*****************************************************************************
ParFlow Output Log
	Version         : v3.7.0-adapt-2-g8274689f
	Compiled on     : Sep  7 2020 19:09:57
*****************************************************************************
==============================================
BEGIN Log Info (MGSemi)

coarsening direction
--------------------
        x
          z
        x
          z
        x
          z
        x
          z
        x
          z
        x
          z
        x
          z

END Log Info
==============================================
