This is TeX, Version 3.14159 (Web2C 7.4.5) (format=latex 2007.11.15)  2 JUN 2008 16:02
**manual
(./manual.tex
LaTeX2e <2001/06/01>
Babel <v3.7h> and hyphenation patterns for american, french, german, ngerman, n
ohyphenation, loaded.
(/usr/share/texmf/tex/latex/base/latex209.def
File: latex209.def 1998/05/13 v0.52 Standard LaTeX file


          Entering LaTeX 2.09 COMPATIBILITY MODE
 *************************************************************
    !!WARNING!!    !!WARNING!!    !!WARNING!!    !!WARNING!!   
 
 This mode attempts to provide an emulation of the LaTeX 2.09
 author environment so that OLD documents can be successfully
 processed. It should NOT be used for NEW documents!
 
 New documents should use Standard LaTeX conventions and start
 with the \documentclass command.
 
 Compatibility mode is UNLIKELY TO WORK with LaTeX 2.09 style
 files that change any internal macros, especially not with
 those that change the FONT SELECTION or OUTPUT ROUTINES.
 
 Therefore such style files MUST BE UPDATED to use
          Current Standard LaTeX: LaTeX2e.
 If you suspect that you may be using such a style file, which
 is probably very, very old by now, then you should attempt to
 get it updated by sending a copy of this error message to the
 author of that file.
 *************************************************************

\footheight=\dimen102
\@maxsep=\dimen103
\@dblmaxsep=\dimen104
\@cla=\count79
\@clb=\count80
\mscount=\count81
(/usr/share/texmf/tex/latex/base/tracefnt.sty
Package: tracefnt 1997/05/29 v3.0j Standard LaTeX package (font tracing)
\tracingfonts=\count82
LaTeX Info: Redefining \selectfont on input line 96.
)
\symbold=\mathgroup4
\symsans=\mathgroup5
\symtypewriter=\mathgroup6
\symitalic=\mathgroup7
\symsmallcaps=\mathgroup8
\symslanted=\mathgroup9
LaTeX Font Info:    Redeclaring math alphabet \mathbf on input line 288.
LaTeX Font Info:    Redeclaring math alphabet \mathsf on input line 289.
LaTeX Font Info:    Redeclaring math alphabet \mathtt on input line 290.
LaTeX Font Info:    Redeclaring math alphabet \mathit on input line 296.
LaTeX Info: Redefining \em on input line 306.

(/usr/share/texmf/tex/latex/base/latexsym.sty
Package: latexsym 1998/08/17 v2.2e Standard LaTeX package (lasy symbols)
\symlasy=\mathgroup10
LaTeX Font Info:    Overwriting symbol font `lasy' in version `bold'
(Font)                  U/lasy/m/n --> U/lasy/b/n on input line 42.
)
LaTeX Font Info:    Redeclaring math delimiter \lgroup on input line 370.
LaTeX Font Info:    Redeclaring math delimiter \rgroup on input line 372.
LaTeX Font Info:    Redeclaring math delimiter \bracevert on input line 374.

(/usr/share/texmf/tex/latex/config/latex209.cfg
File: latex209.cfg 2001/06/05 v1.0 teTeX customized LaTeX 2.09 compatibility mo
de setup
)
(/usr/share/texmf/tex/latex/tools/rawfonts.sty
Package: rawfonts 1994/05/08 Low-level LaTeX 2.09 font compatibility

(/usr/share/texmf/tex/latex/tools/somedefs.sty
Package: somedefs 1994/06/01 Toolkit for optional definitions
)
LaTeX Font Info:    Try loading font information for U+lasy on input line 44.

(/usr/share/texmf/tex/latex/base/ulasy.fd
File: ulasy.fd 1998/08/17 v2.2e LaTeX symbol font definitions
)))
(/usr/share/texmf/tex/latex/base/book.cls
Document Class: book 2001/04/21 v1.4e Standard LaTeX document class
(/usr/share/texmf/tex/latex/base/bk11.clo
File: bk11.clo 2001/04/21 v1.4e Standard LaTeX file (size option)
)
\c@part=\count83
\c@chapter=\count84
\c@section=\count85
\c@subsection=\count86
\c@subsubsection=\count87
\c@paragraph=\count88
\c@subparagraph=\count89
\c@figure=\count90
\c@table=\count91
\abovecaptionskip=\skip41
\belowcaptionskip=\skip42
Compatibility mode: definition of \rm ignored.
Compatibility mode: definition of \sf ignored.
Compatibility mode: definition of \tt ignored.
Compatibility mode: definition of \bf ignored.
Compatibility mode: definition of \it ignored.
Compatibility mode: definition of \sl ignored.
Compatibility mode: definition of \sc ignored.
LaTeX Info: Redefining \cal on input line 587.
LaTeX Info: Redefining \mit on input line 588.
\bibindent=\dimen105
)
(/usr/share/texmf/tex/latex/base/makeidx.sty
Package: makeidx 2000/03/29 v1.0m Standard LaTeX package
)
(/usr/share/texmf/tex/latex/html/html.sty)
(/home/smithsg/parflow/pfclm_ms/src/docs/lib/parflow.sty) (./defs.tex)
(/home/smithsg/parflow/pfclm_ms/src/docs/lib/inputps.tex) (./version.tex)
\@indexfile=\write3
\openout3 = `manual.idx'.


Writing index file manual.idx
No file manual.aux.
\openout1 = `manual.aux'.

LaTeX Font Info:    Checking defaults for OML/cmm/m/it on input line 28.
LaTeX Font Info:    ... okay on input line 28.
LaTeX Font Info:    Checking defaults for T1/cmr/m/n on input line 28.
LaTeX Font Info:    ... okay on input line 28.
LaTeX Font Info:    Checking defaults for OT1/cmr/m/n on input line 28.
LaTeX Font Info:    ... okay on input line 28.
LaTeX Font Info:    Checking defaults for OMS/cmsy/m/n on input line 28.
LaTeX Font Info:    ... okay on input line 28.
LaTeX Font Info:    Checking defaults for OMX/cmex/m/n on input line 28.
LaTeX Font Info:    ... okay on input line 28.
LaTeX Font Info:    Checking defaults for U/cmr/m/n on input line 28.
LaTeX Font Info:    ... okay on input line 28.

Underfull \hbox (badness 10000) in paragraph at lines 38--39

 []

[0


]
LaTeX Font Info:    Try loading font information for OMS+cmr on input line 48.
 (/usr/share/texmf/tex/latex/base/omscmr.fd
File: omscmr.fd 1999/05/25 v2.5h Standard LaTeX font definitions
)
LaTeX Font Info:    Font shape `OMS/cmr/m/n' in size <10.95> not available
(Font)              Font shape `OMS/cmsy/m/n' tried instead on input line 48.
 [0

]
No file manual.toc.
\tf@toc=\write4
\openout4 = `manual.toc'.

[1

] [2

] (./intro.tex
Chapter 1.

LaTeX Warning: Reference `Getting Started' on page 1 undefined on input line 24
.


LaTeX Warning: Reference `The ParFlow System' on page 1 undefined on input line
 26.


LaTeX Warning: Reference `ParFlow Files' on page 1 undefined on input line 27.

) (./start.tex [1

] [2

]
Chapter 2.

LaTeX Warning: Reference `Installing ParFlow' on page 3 undefined on input line
 8.


LaTeX Warning: Reference `Running the Sample Problem' on page 3 undefined on in
put line 9.

[3] [4]

LaTeX Warning: Reference `Running ParFlow' on page 5 undefined on input line 16
0.


LaTeX Warning: Reference `Visualizing Output with AVS' on page 5 undefined on i
nput line 193.

[5]
Overfull \hbox (1.3643pt too wide) in paragraph at lines 234--234
 []\OT1/cmtt/m/n/10.95 pfset Wells.new_well.alltime.Extraction.Flux.water.Value
              5.0[] 
 []


Overfull \hbox (12.86168pt too wide) in paragraph at lines 234--234
 []\OT1/cmtt/m/n/10.95 pfset Wells.new_well.alltime.Injection.Concentration.wat
er.tce.Fraction 0.1[] 
 []


LaTeX Warning: Reference `Defining the Problem' on page 6 undefined on input li
ne 238.

[6]

LaTeX Warning: Reference `Manipulating Data' on page 7 undefined on input line 
294.

) (./pfsystem.tex [7] [8

]
Chapter 3.

LaTeX Warning: Reference `Defining the Problem' on page 9 undefined on input li
ne 11.


LaTeX Warning: Reference `Running ParFlow' on page 9 undefined on input line 12
.


LaTeX Warning: Reference `Visualizing Output with AVS' on page 9 undefined on i
nput line 13.


LaTeX Warning: Reference `Manipulating Data' on page 9 undefined on input line 
15.


LaTeX Warning: Reference `Test Directory' on page 9 undefined on input line 15.



LaTeX Warning: Citation `GMS94tut' on page 9 undefined on input line 26.


LaTeX Warning: Citation `GMS95ref' on page 9 undefined on input line 26.


LaTeX Warning: Reference `ParFlow Solid Files (.pfsol)' on page 9 undefined on 
input line 29.


LaTeX Warning: Reference `Manipulating Data' on page 9 undefined on input line 
31.


LaTeX Warning: Reference `Main Input File (.pftcl)' on page 9 undefined on inpu
t line 36.


Overfull \hbox (6.01772pt too wide) in paragraph at lines 59--59
 []\OT1/cmtt/m/n/10.95 #-------------------------------------------------------
----------------------[] 
 []


Overfull \hbox (6.01772pt too wide) in paragraph at lines 59--59
 []\OT1/cmtt/m/n/10.95 #-------------------------------------------------------
----------------------[] 
 []

[9]
Overfull \hbox (11.7664pt too wide) in paragraph at lines 76--76
 []\OT1/cmtt/m/n/10.95 pfset Geom.domain.Patches "very_long_name_1 very_long_na
me_2 very_long_name_3 \[] 
 []


Overfull \hbox (6.01772pt too wide) in paragraph at lines 76--76
 []                           \OT1/cmtt/m/n/10.95 very_long_name_4 very_long_na
me_5 very_long_name_6"[] 
 []


LaTeX Warning: Citation `welch.95' on page 10 undefined on input line 82.


LaTeX Warning: Reference `Test Directory' on page 10 undefined on input line 88
.


Overfull \hbox (6.01772pt too wide) in paragraph at lines 121--121
 []\OT1/cmtt/m/n/10.95 #-------------------------------------------------------
----------------------[] 
 []


Overfull \hbox (6.01772pt too wide) in paragraph at lines 121--121
 []\OT1/cmtt/m/n/10.95 #-------------------------------------------------------
----------------------[] 
 []

[10]
Overfull \hbox (10.82657pt too wide) in paragraph at lines 147--151
\OT1/cmr/m/n/10.95 used in the vir-tual ma-chine (VM). To add a ma-chine to the
 VM you should set the []
 []

[11]

LaTeX Warning: Reference `ParFlow Scattered Binary Files (.pfsb)' on page 12 un
defined on input line 195.


LaTeX Warning: Reference `ParFlow Binary Files (.pfb)' on page 12 undefined on 
input line 196.


LaTeX Warning: Reference `Manipulating Data' on page 12 undefined on input line
 197.


LaTeX Warning: Reference `Main Input File (.pftcl)' on page 12 undefined on inp
ut line 200.


LaTeX Warning: Citation `AVS92dguide' on page 12 undefined on input line 227.


LaTeX Warning: Citation `AVS92uguide' on page 12 undefined on input line 227.


LaTeX Warning: Citation `AVS93ref' on page 12 undefined on input line 227.


Overfull \hbox (0.53795pt too wide) in paragraph at lines 253--255
\OT1/cmr/m/n/10.95 Before run-ning AVS/Express you may need to set some en-vi-r
on-ment vari-ables. See the AVS/Express
 []

[12] [13] [14] [15] [16] [17] [18]) (./models.tex [19] [20]
Chapter 4.

LaTeX Warning: Reference `Multi-Phase Flow Equations' on page 21 undefined on i
nput line 10.


LaTeX Warning: Reference `Transport Equations' on page 21 undefined on input li
ne 11.


LaTeX Warning: Reference `Richards' Equation' on page 21 undefined on input lin
e 12.

LaTeX Font Info:    External font `cmex10' loaded for size
(Font)              <10.95> on input line 21.
LaTeX Font Info:    External font `cmex10' loaded for size
(Font)              <8> on input line 21.
LaTeX Font Info:    External font `cmex10' loaded for size
(Font)              <6> on input line 21.

LaTeX Warning: Reference `table-flow-units' on page 21 undefined on input line 
34.

[21

]

LaTeX Warning: Reference `eqn-mass-balance' on page 22 undefined on input line 
83.


LaTeX Warning: Reference `eqn-darcy' on page 22 undefined on input line 83.


LaTeX Warning: Reference `eqn-constitutive-sum' on page 22 undefined on input l
ine 84.


LaTeX Warning: Reference `eqn-constitutive-capillary' on page 22 undefined on i
nput line 84.


LaTeX Warning: Reference `eqn-saturation' on page 22 undefined on input line 12
3.


LaTeX Warning: Reference `eqn-constitutive-capillary' on page 22 undefined on i
nput line 125.


LaTeX Warning: Reference `eqn-saturation' on page 22 undefined on input line 13
0.


LaTeX Warning: Reference `eqn-mass-balance' on page 22 undefined on input line 
131.


LaTeX Warning: Reference `eqn-pressure' on page 22 undefined on input line 135.



LaTeX Warning: Reference `eqn-saturation' on page 22 undefined on input line 13
5.


LaTeX Warning: Reference `eqn-total-vel' on page 22 undefined on input line 136
.


LaTeX Warning: Reference `eqn-darcy' on page 22 undefined on input line 136.


LaTeX Warning: Reference `eqn-constitutive-capillary' on page 22 undefined on i
nput line 137.

[22]

LaTeX Warning: Reference `table-transport-units' on page 23 undefined on input 
line 157.


LaTeX Warning: Reference `eqn-linear-retardation' on page 23 undefined on input
 line 194.


LaTeX Warning: Reference `eqn-transport' on page 23 undefined on input line 194
.

[23]

LaTeX Warning: Reference `eqn-darcy' on page 24 undefined on input line 209.


LaTeX Warning: Reference `table-flow-units-b' on page 24 undefined on input lin
e 218.


LaTeX Warning: Reference `eqn-pressure' on page 24 undefined on input line 234.



LaTeX Warning: Reference `eqn-saturation' on page 24 undefined on input line 23
5.


LaTeX Warning: Reference `eqn-pressure-b' on page 24 undefined on input line 26
6.


LaTeX Warning: Reference `eqn-saturation-b' on page 24 undefined on input line 
267.


LaTeX Warning: Reference `table-flow-units' on page 24 undefined on input line 
269.

[24]) (./files.tex [25] [26

]
Chapter 5.

LaTeX Warning: Reference `table-field-types' on page 27 undefined on input line
 16.

[27] [28] [29] [30] [31] [32]
Underfull \vbox (badness 10000) has occurred while \output is active []

 [33]
[34] [35]

LaTeX Warning: Reference `Geometries' on page 36 undefined on input line 545.


LaTeX Warning: Reference `Boundary Conditions: Pressure' on page 36 undefined o
n input line 547.


LaTeX Warning: Reference `Boundary Conditions: Saturation' on page 36 undefined
 on input line 548.

[36] [37]

LaTeX Warning: Reference `Geometries' on page 38 undefined on input line 668.

[38]

LaTeX Warning: Citation `TAG89' on page 39 undefined on input line 777.

[39] [40] [41]

LaTeX Warning: Reference `ParFlow Binary Files (.pfb)' on page 42 undefined on 
input line 985.

[42] [43]

LaTeX Warning: Reference `Geometries' on page 44 undefined on input line 1102.

[44]

LaTeX Warning: Reference `Geometries' on page 45 undefined on input line 1143.

[45]

LaTeX Warning: Citation `VanGenuchten80' on page 46 undefined on input line 125
9.


LaTeX Warning: Citation `Haverkamp-Vauclin81' on page 46 undefined on input lin
e 1266.

[46] [47] [48] [49] [50]

LaTeX Warning: Citation `VanGenuchten80' on page 51 undefined on input line 155
8.


LaTeX Warning: Citation `Haverkamp-Vauclin81' on page 51 undefined on input lin
e 1566.

[51] [52] [53]
Overfull \hbox (4.28844pt too wide) in paragraph at lines 1694--1695
[]\OT1/cmr/m/n/10.95 This key spec-i-fies the de-gree of the poly-no-mial for t
he Poly-no-mial sat-u-ra-tion given on \OT1/cmr/m/it/10.95 geom[]name\OT1/cmr/m
/n/10.95 .
 []


Underfull \hbox (badness 10000) in paragraph at lines 1694--1695

 []


Overfull \hbox (5.93887pt too wide) in paragraph at lines 1703--1704
[]\OT1/cmr/m/n/10.95 This key spec-i-fies the \OT1/cmr/m/it/10.95 co-eff[]numbe
r\OT1/cmr/m/n/10.95 th co-ef-fi-cient of the Poly-no-mial sat-u-ra-tion given o
n \OT1/cmr/m/it/10.95 geom[]name\OT1/cmr/m/n/10.95 .
 []


Underfull \hbox (badness 10000) in paragraph at lines 1703--1704

 []

[54]

LaTeX Warning: Reference `Domain' on page 55 undefined on input line 1794.

[55]
Overfull \hbox (55.68839pt too wide) in paragraph at lines 1869--1870
\OT1/cmr/m/n/10.95 data is given. This patch must be on the ref-er-ence solid s
pec-i-fied by the Patch.\OT1/cmr/m/it/10.95 patch[]name\OT1/cmr/m/n/10.95 .BCPr
essure.RefGeom
 []

[56] [57]
Overfull \hbox (27.45146pt too wide) in paragraph at lines 1995--1996
\OT1/cmr/m/n/10.95 this key in-clude \OT1/cmr/bx/n/10.95 X, XPlusY-PlusZ, X3Y2P
lusSinXYPlus1, X3Y4PlusX2PlusSinXYCosYPlus1,
 []

[58]

LaTeX Warning: Reference `Domain' on page 59 undefined on input line 2022.

[59] [60] [61] [62]

LaTeX Warning: Reference `ParFlow Binary Files (.pfb)' on page 63 undefined on 
input line 2282.

[63] [64] [65] [66] [67] [68]
Overfull \hbox (64.8166pt too wide) in paragraph at lines 2693--2694
\OT1/cmr/m/sl/10.95 double  \OT1/cmr/bx/n/10.95 Wells.\OT1/cmr/m/it/10.95 well[
]name\OT1/cmr/bx/n/10.95 .\OT1/cmr/m/it/10.95 interval[]name\OT1/cmr/bx/n/10.95
 .Injection.Concentration.\OT1/cmr/m/it/10.95 phase[]name\OT1/cmr/bx/n/10.95 .\
OT1/cmr/m/it/10.95 contaminant[]name\OT1/cmr/bx/n/10.95 .Fraction
 []

[69] [70] [71]

LaTeX Warning: Citation `Woodward98' on page 72 undefined on input line 2871.


LaTeX Warning: Citation `Ashby-Falgout90' on page 72 undefined on input line 28
71.

[72]

LaTeX Warning: Citation `EW96' on page 73 undefined on input line 2950.

[73]
Overfull \hbox (4.07025pt too wide) in paragraph at lines 3020--3021
[]\OT1/cmr/m/n/10.95 This key spec-i-fies which pre-con-di-tioner to use. Cur-r
ently, the three choices are \OT1/cmr/bx/n/10.95 NoPC, MGSemi
 []

[74] [75] [76] [77] [78] [79]
Underfull \vbox (badness 10000) has occurred while \output is active []

 [80]
Underfull \vbox (badness 10000) has occurred while \output is active []

 [81])
No file manual.bbl.
No file manual.ind.
[82] (./manual.aux)

LaTeX Warning: There were undefined references.


LaTeX Warning: Label(s) may have changed. Rerun to get cross-references right.

 ) 
Here is how much of TeX's memory you used:
 906 strings out of 95847
 10372 string characters out of 1195947
 58815 words of memory out of 1000001
 3823 multiletter control sequences out of 10000+50000
 23415 words of font info for 87 fonts, out of 500000 for 1000
 14 hyphenation exceptions out of 1000
 25i,10n,22p,312b,401s stack positions out of 1500i,500n,5000p,200000b,5000s

Output written on manual.dvi (86 pages, 216576 bytes).
